<?xml version="1.0" encoding="UTF-8"?>
<!-- Generated by org.testng.reporters.JUnitReportReporter -->
<testsuite skipped="0" hostname="BTLIMS19" name="SelPractice.SampleLoginGridPage" tests="1" failures="0" timestamp="27 Mar 2019 15:19:38 GMT" time="55.370" errors="0">
  <testcase name="export" time="55.370" classname="SelPractice.SampleLoginGridPage"/>
</testsuite> <!-- SelPractice.SampleLoginGridPage -->
