<?xml version="1.0" encoding="UTF-8"?>
<!-- Generated by org.testng.reporters.JUnitReportReporter -->
<testsuite skipped="0" hostname="BTLIMS19" name="SelPractice.BookMyShow" tests="1" failures="0" timestamp="13 Mar 2019 23:36:23 GMT" time="55.902" errors="0">
  <testcase name="BookTicket" time="55.902" classname="SelPractice.BookMyShow"/>
</testsuite> <!-- SelPractice.BookMyShow -->
