<?xml version="1.0" encoding="UTF-8"?>
<!-- Generated by org.testng.reporters.JUnitReportReporter -->
<testsuite skipped="0" hostname="BTLIMS19" name="SelPractice.fileDownloadVerify" tests="1" failures="0" timestamp="27 Mar 2019 15:38:19 GMT" time="0.042" errors="0">
  <testcase name="VerifyDownload" time="0.042" classname="SelPractice.fileDownloadVerify"/>
</testsuite> <!-- SelPractice.fileDownloadVerify -->
