<?xml version="1.0" encoding="UTF-8"?>
<!-- Generated by org.testng.reporters.JUnitReportReporter -->
<testsuite skipped="0" hostname="BTLIMS19" name="SelPractice.NewTab" tests="1" failures="0" timestamp="04 Apr 2019 21:51:37 GMT" time="37.803" errors="0">
  <testcase name="OpenNewTab" time="37.803" classname="SelPractice.NewTab"/>
</testsuite> <!-- SelPractice.NewTab -->
