<?xml version="1.0" encoding="UTF-8"?>
<!-- Generated by org.testng.reporters.JUnitReportReporter -->
<testsuite skipped="0" hostname="BTLIMS19" name="SelPractice.mouseonExport" tests="1" failures="0" timestamp="26 Feb 2019 20:03:16 GMT" time="21.460" errors="0">
  <testcase name="export" time="21.460" classname="SelPractice.mouseonExport"/>
</testsuite> <!-- SelPractice.mouseonExport -->
