<?xml version="1.0" encoding="UTF-8"?>
<!-- Generated by org.testng.reporters.JUnitReportReporter -->
<testsuite skipped="0" hostname="BTLIMS19" name="SelPractice.Assert" tests="1" failures="0" timestamp="02 Apr 2019 17:28:10 GMT" time="0.014" errors="0">
  <testcase name="softAssertionTest" time="0.014" classname="SelPractice.Assert"/>
</testsuite> <!-- SelPractice.Assert -->
